// 重构日志: 15c59c6b
// 重构日志: dce83d40
// 重构日志: 69ab7ab8
// 重构日志: abbc9f58
// 重构日志: d70b8c83
// 重构日志: a4f0f04e
// 重构日志: 9ff701f2
// 重构日志: 2c908e1b
// 重构日志: d2ed5588
// 重构日志: a062b755
// 同步 ID: 56021cb5 @ Thu Jul  2 11:01:17 UTC 2026
// 重构日志: 0230b6a4
// 同步 ID: 675ae55c @ Sat Jul  4 08:12:48 UTC 2026
// 同步 ID: 368c2663 @ Sun Jul  5 15:34:24 UTC 2026
// 同步 ID: cd3118ff @ Tue Jul  7 00:00:10 UTC 2026
// 同步 ID: 617662cd @ Wed Jul  8 07:47:24 UTC 2026
// 重构日志: eb0e9255
// 同步 ID: ff21208f @ Fri Jul 10 17:56:38 UTC 2026
// 同步 ID: c22587f7 @ Sun Jul 12 15:47:12 UTC 2026
// 重构日志: 80988770
// 同步 ID: c29702d4 @ Wed Jul 15 16:59:15 UTC 2026
// 重构日志: 9e945111
// 同步 ID: 8309ea9d @ Thu Jul 16 16:08:01 UTC 2026
// 同步 ID: fc3f8341 @ Thu Jul 16 18:22:26 UTC 2026
// 同步 ID: 835e9a6d @ Fri Jul 17 15:49:29 UTC 2026
// 同步 ID: 03fecc5c @ Fri Jul 17 17:58:27 UTC 2026
// 重构日志: 105b51f0
// 同步 ID: 76a0c08d @ Sat Jul 18 15:04:49 UTC 2026
// 重构日志: 8cc5be55
// 同步 ID: 58b83164 @ Sat Jul 18 18:39:50 UTC 2026
// 重构日志: 6b296d03
// 重构日志: 1860dab1
